mode: set
github.com/icyzy/rabbitmq/config.go:27.35,28.17 1 1
github.com/icyzy/rabbitmq/config.go:28.17,30.3 1 1
github.com/icyzy/rabbitmq/config.go:31.2,31.27 1 1
github.com/icyzy/rabbitmq/config.go:31.27,33.3 1 1
github.com/icyzy/rabbitmq/config.go:34.2,34.23 1 1
github.com/icyzy/rabbitmq/config.go:34.23,36.3 1 1
github.com/icyzy/rabbitmq/config.go:37.2,37.37 1 1
github.com/icyzy/rabbitmq/config.go:37.37,39.3 1 1
github.com/icyzy/rabbitmq/config.go:40.2,40.32 1 1
github.com/icyzy/rabbitmq/config.go:40.32,42.3 1 1
github.com/icyzy/rabbitmq/config.go:43.2,43.12 1 1
github.com/icyzy/rabbitmq/config.go:47.40,55.2 1 1
github.com/icyzy/rabbitmq/config.go:103.48,111.2 1 1
github.com/icyzy/rabbitmq/config.go:114.58,125.2 1 1
github.com/icyzy/rabbitmq/connection.go:30.57,31.42 1 1
github.com/icyzy/rabbitmq/connection.go:31.42,33.3 1 1
github.com/icyzy/rabbitmq/connection.go:35.2,42.36 2 0
github.com/icyzy/rabbitmq/connection.go:42.36,44.3 1 0
github.com/icyzy/rabbitmq/connection.go:46.2,48.15 2 0
github.com/icyzy/rabbitmq/connection.go:52.38,57.16 4 0
github.com/icyzy/rabbitmq/connection.go:57.16,59.3 1 0
github.com/icyzy/rabbitmq/connection.go:61.2,66.12 5 0
github.com/icyzy/rabbitmq/connection.go:70.38,71.6 1 0
github.com/icyzy/rabbitmq/connection.go:71.6,72.10 1 0
github.com/icyzy/rabbitmq/connection.go:73.22,74.10 1 0
github.com/icyzy/rabbitmq/connection.go:75.33,76.20 1 0
github.com/icyzy/rabbitmq/connection.go:76.20,78.5 1 0
github.com/icyzy/rabbitmq/connection.go:79.4,80.24 2 0
github.com/icyzy/rabbitmq/connection.go:81.24,82.20 1 0
github.com/icyzy/rabbitmq/connection.go:82.20,84.5 1 0
github.com/icyzy/rabbitmq/connection.go:85.4,85.24 1 0
github.com/icyzy/rabbitmq/connection.go:91.41,95.6 3 0
github.com/icyzy/rabbitmq/connection.go:95.6,96.19 1 0
github.com/icyzy/rabbitmq/connection.go:96.19,98.4 1 0
github.com/icyzy/rabbitmq/connection.go:100.3,101.63 2 0
github.com/icyzy/rabbitmq/connection.go:101.63,104.4 2 0
github.com/icyzy/rabbitmq/connection.go:107.3,113.37 5 0
github.com/icyzy/rabbitmq/connection.go:113.37,118.37 3 0
github.com/icyzy/rabbitmq/connection.go:118.37,120.5 1 0
github.com/icyzy/rabbitmq/connection.go:121.4,121.12 1 0
github.com/icyzy/rabbitmq/connection.go:124.3,125.9 2 0
github.com/icyzy/rabbitmq/connection.go:130.64,134.14 3 0
github.com/icyzy/rabbitmq/connection.go:134.14,136.3 1 0
github.com/icyzy/rabbitmq/connection.go:138.2,138.40 1 0
github.com/icyzy/rabbitmq/connection.go:138.40,140.3 1 0
github.com/icyzy/rabbitmq/connection.go:142.2,142.20 1 0
github.com/icyzy/rabbitmq/connection.go:146.55,148.16 2 0
github.com/icyzy/rabbitmq/connection.go:148.16,150.3 1 0
github.com/icyzy/rabbitmq/connection.go:152.2,153.16 2 0
github.com/icyzy/rabbitmq/connection.go:153.16,155.10 1 0
github.com/icyzy/rabbitmq/connection.go:156.36,156.36 0 0
github.com/icyzy/rabbitmq/connection.go:157.11,157.11 0 0
github.com/icyzy/rabbitmq/connection.go:159.3,159.62 1 0
github.com/icyzy/rabbitmq/connection.go:162.2,162.16 1 0
github.com/icyzy/rabbitmq/connection.go:166.36,170.14 3 1
github.com/icyzy/rabbitmq/connection.go:170.14,172.3 1 1
github.com/icyzy/rabbitmq/connection.go:174.2,177.41 3 1
github.com/icyzy/rabbitmq/connection.go:177.41,178.40 1 0
github.com/icyzy/rabbitmq/connection.go:178.40,180.4 1 0
github.com/icyzy/rabbitmq/connection.go:183.2,184.12 2 1
github.com/icyzy/rabbitmq/connection.go:188.38,192.2 3 0
github.com/icyzy/rabbitmq/connection.go:195.98,197.28 2 1
github.com/icyzy/rabbitmq/connection.go:197.28,199.3 1 1
github.com/icyzy/rabbitmq/connection.go:202.2,203.40 2 1
github.com/icyzy/rabbitmq/consumer.go:32.103,33.20 1 1
github.com/icyzy/rabbitmq/consumer.go:33.20,35.3 1 1
github.com/icyzy/rabbitmq/consumer.go:37.2,44.41 2 0
github.com/icyzy/rabbitmq/consumer.go:44.41,46.3 1 0
github.com/icyzy/rabbitmq/consumer.go:48.2,51.15 3 0
github.com/icyzy/rabbitmq/consumer.go:55.41,60.16 4 0
github.com/icyzy/rabbitmq/consumer.go:60.16,62.3 1 0
github.com/icyzy/rabbitmq/consumer.go:65.2,65.85 1 0
github.com/icyzy/rabbitmq/consumer.go:65.85,68.3 2 0
github.com/icyzy/rabbitmq/consumer.go:70.2,75.12 5 0
github.com/icyzy/rabbitmq/consumer.go:79.37,93.16 4 0
github.com/icyzy/rabbitmq/consumer.go:93.16,96.3 2 0
github.com/icyzy/rabbitmq/consumer.go:98.2,103.64 4 0
github.com/icyzy/rabbitmq/consumer.go:107.38,110.6 2 0
github.com/icyzy/rabbitmq/consumer.go:110.6,111.10 1 0
github.com/icyzy/rabbitmq/consumer.go:112.22,113.10 1 0
github.com/icyzy/rabbitmq/consumer.go:114.34,115.11 1 0
github.com/icyzy/rabbitmq/consumer.go:115.11,118.5 1 0
github.com/icyzy/rabbitmq/consumer.go:119.4,119.24 1 0
github.com/icyzy/rabbitmq/consumer.go:125.53,126.15 1 1
github.com/icyzy/rabbitmq/consumer.go:126.15,127.31 1 1
github.com/icyzy/rabbitmq/consumer.go:127.31,129.25 2 0
github.com/icyzy/rabbitmq/consumer.go:129.25,131.5 1 0
github.com/icyzy/rabbitmq/consumer.go:135.2,135.39 1 1
github.com/icyzy/rabbitmq/consumer.go:135.39,137.24 2 0
github.com/icyzy/rabbitmq/consumer.go:137.24,139.48 1 0
github.com/icyzy/rabbitmq/consumer.go:139.48,141.5 1 0
github.com/icyzy/rabbitmq/consumer.go:143.3,143.9 1 0
github.com/icyzy/rabbitmq/consumer.go:147.2,147.23 1 1
github.com/icyzy/rabbitmq/consumer.go:147.23,148.40 1 0
github.com/icyzy/rabbitmq/consumer.go:148.40,150.4 1 0
github.com/icyzy/rabbitmq/consumer.go:155.37,156.6 1 0
github.com/icyzy/rabbitmq/consumer.go:156.6,157.10 1 0
github.com/icyzy/rabbitmq/consumer.go:158.22,159.10 1 0
github.com/icyzy/rabbitmq/consumer.go:160.33,161.20 1 0
github.com/icyzy/rabbitmq/consumer.go:161.20,163.5 1 0
github.com/icyzy/rabbitmq/consumer.go:164.4,165.23 2 0
github.com/icyzy/rabbitmq/consumer.go:171.38,175.6 3 0
github.com/icyzy/rabbitmq/consumer.go:175.6,176.19 1 0
github.com/icyzy/rabbitmq/consumer.go:176.19,178.4 1 0
github.com/icyzy/rabbitmq/consumer.go:180.3,182.42 2 0
github.com/icyzy/rabbitmq/consumer.go:182.42,185.28 3 0
github.com/icyzy/rabbitmq/consumer.go:185.28,187.5 1 0
github.com/icyzy/rabbitmq/consumer.go:188.4,188.12 1 0
github.com/icyzy/rabbitmq/consumer.go:191.3,193.9 3 0
github.com/icyzy/rabbitmq/consumer.go:198.34,200.14 2 1
github.com/icyzy/rabbitmq/consumer.go:200.14,203.3 2 1
github.com/icyzy/rabbitmq/consumer.go:204.2,214.17 7 1
github.com/icyzy/rabbitmq/consumer.go:214.17,215.38 1 0
github.com/icyzy/rabbitmq/consumer.go:215.38,217.4 1 0
github.com/icyzy/rabbitmq/consumer.go:220.2,221.12 2 1
github.com/icyzy/rabbitmq/consumer.go:225.36,229.2 3 1
github.com/icyzy/rabbitmq/publisher.go:27.82,34.41 2 0
github.com/icyzy/rabbitmq/publisher.go:34.41,36.3 1 0
github.com/icyzy/rabbitmq/publisher.go:38.2,40.15 2 0
github.com/icyzy/rabbitmq/publisher.go:44.42,49.16 4 0
github.com/icyzy/rabbitmq/publisher.go:49.16,51.3 1 0
github.com/icyzy/rabbitmq/publisher.go:53.2,53.29 1 0
github.com/icyzy/rabbitmq/publisher.go:53.29,54.43 1 0
github.com/icyzy/rabbitmq/publisher.go:54.43,57.4 2 0
github.com/icyzy/rabbitmq/publisher.go:58.3,58.66 1 0
github.com/icyzy/rabbitmq/publisher.go:61.2,66.12 5 0
github.com/icyzy/rabbitmq/publisher.go:70.38,71.6 1 0
github.com/icyzy/rabbitmq/publisher.go:71.6,72.10 1 0
github.com/icyzy/rabbitmq/publisher.go:73.22,74.10 1 0
github.com/icyzy/rabbitmq/publisher.go:75.33,76.20 1 0
github.com/icyzy/rabbitmq/publisher.go:76.20,78.5 1 0
github.com/icyzy/rabbitmq/publisher.go:79.4,80.23 2 0
github.com/icyzy/rabbitmq/publisher.go:86.39,90.6 3 0
github.com/icyzy/rabbitmq/publisher.go:90.6,91.19 1 0
github.com/icyzy/rabbitmq/publisher.go:91.19,93.4 1 0
github.com/icyzy/rabbitmq/publisher.go:95.3,97.42 2 0
github.com/icyzy/rabbitmq/publisher.go:97.42,100.28 3 0
github.com/icyzy/rabbitmq/publisher.go:100.28,102.5 1 0
github.com/icyzy/rabbitmq/publisher.go:103.4,103.12 1 0
github.com/icyzy/rabbitmq/publisher.go:106.3,107.9 2 0
github.com/icyzy/rabbitmq/publisher.go:112.89,114.2 1 1
github.com/icyzy/rabbitmq/publisher.go:117.129,122.15 4 1
github.com/icyzy/rabbitmq/publisher.go:122.15,124.3 1 1
github.com/icyzy/rabbitmq/publisher.go:126.2,143.16 3 0
github.com/icyzy/rabbitmq/publisher.go:143.16,145.3 1 0
github.com/icyzy/rabbitmq/publisher.go:148.2,148.29 1 0
github.com/icyzy/rabbitmq/publisher.go:148.29,149.10 1 0
github.com/icyzy/rabbitmq/publisher.go:150.33,151.20 1 0
github.com/icyzy/rabbitmq/publisher.go:151.20,153.5 1 0
github.com/icyzy/rabbitmq/publisher.go:154.21,155.20 1 0
github.com/icyzy/rabbitmq/publisher.go:156.38,157.45 1 0
github.com/icyzy/rabbitmq/publisher.go:161.2,161.12 1 0
github.com/icyzy/rabbitmq/publisher.go:165.114,167.2 1 0
github.com/icyzy/rabbitmq/publisher.go:170.35,174.14 3 1
github.com/icyzy/rabbitmq/publisher.go:174.14,176.3 1 1
github.com/icyzy/rabbitmq/publisher.go:178.2,181.17 3 1
github.com/icyzy/rabbitmq/publisher.go:181.17,182.38 1 0
github.com/icyzy/rabbitmq/publisher.go:182.38,184.4 1 0
github.com/icyzy/rabbitmq/publisher.go:187.2,188.12 2 1
github.com/icyzy/rabbitmq/publisher.go:192.37,196.2 3 1
github.com/icyzy/rabbitmq/queue.go:32.60,41.2 1 1
github.com/icyzy/rabbitmq/queue.go:45.90,46.17 1 1
github.com/icyzy/rabbitmq/queue.go:46.17,48.3 1 1
github.com/icyzy/rabbitmq/queue.go:51.2,56.22 2 0
github.com/icyzy/rabbitmq/queue.go:56.22,57.31 1 0
github.com/icyzy/rabbitmq/queue.go:57.31,59.4 1 0
github.com/icyzy/rabbitmq/queue.go:62.2,71.16 2 0
github.com/icyzy/rabbitmq/queue.go:71.16,73.66 1 0
github.com/icyzy/rabbitmq/queue.go:73.66,78.24 3 0
github.com/icyzy/rabbitmq/queue.go:78.24,79.33 1 0
github.com/icyzy/rabbitmq/queue.go:79.33,81.29 1 0
github.com/icyzy/rabbitmq/queue.go:81.29,83.7 1 0
github.com/icyzy/rabbitmq/queue.go:87.4,96.18 2 0
github.com/icyzy/rabbitmq/queue.go:96.18,98.5 1 0
github.com/icyzy/rabbitmq/queue.go:100.4,101.21 2 0
github.com/icyzy/rabbitmq/queue.go:104.3,104.77 1 0
github.com/icyzy/rabbitmq/queue.go:107.2,108.19 2 0
github.com/icyzy/rabbitmq/queue.go:112.82,114.16 2 0
github.com/icyzy/rabbitmq/queue.go:114.16,116.3 1 0
github.com/icyzy/rabbitmq/queue.go:117.2,119.37 2 0
github.com/icyzy/rabbitmq/examples/publisher/main.go:15.13,18.15 2 0
github.com/icyzy/rabbitmq/examples/publisher/main.go:18.15,20.3 1 0
github.com/icyzy/rabbitmq/examples/publisher/main.go:23.2,25.16 3 0
github.com/icyzy/rabbitmq/examples/publisher/main.go:25.16,27.3 1 0
github.com/icyzy/rabbitmq/examples/publisher/main.go:28.2,35.16 5 0
github.com/icyzy/rabbitmq/examples/publisher/main.go:35.16,37.3 1 0
github.com/icyzy/rabbitmq/examples/publisher/main.go:38.2,52.6 8 0
github.com/icyzy/rabbitmq/examples/publisher/main.go:52.6,53.10 1 0
github.com/icyzy/rabbitmq/examples/publisher/main.go:54.19,67.18 6 0
github.com/icyzy/rabbitmq/examples/publisher/main.go:67.18,69.5 1 0
github.com/icyzy/rabbitmq/examples/publisher/main.go:69.10,71.5 1 0
github.com/icyzy/rabbitmq/examples/publisher/main.go:73.18,75.10 2 0
github.com/icyzy/rabbitmq/examples/queue_declare/main.go:10.13,13.15 2 0
github.com/icyzy/rabbitmq/examples/queue_declare/main.go:13.15,15.3 1 0
github.com/icyzy/rabbitmq/examples/queue_declare/main.go:18.2,20.16 3 0
github.com/icyzy/rabbitmq/examples/queue_declare/main.go:20.16,22.3 1 0
github.com/icyzy/rabbitmq/examples/queue_declare/main.go:23.2,28.16 4 0
github.com/icyzy/rabbitmq/examples/queue_declare/main.go:28.16,30.3 1 0
github.com/icyzy/rabbitmq/examples/queue_declare/main.go:31.2,41.16 5 0
github.com/icyzy/rabbitmq/examples/queue_declare/main.go:41.16,43.3 1 0
github.com/icyzy/rabbitmq/examples/queue_declare/main.go:44.2,48.16 3 0
github.com/icyzy/rabbitmq/examples/queue_declare/main.go:48.16,50.3 1 0
github.com/icyzy/rabbitmq/examples/queue_declare/main.go:51.2,55.16 4 0
github.com/icyzy/rabbitmq/examples/queue_declare/main.go:55.16,57.3 1 0
github.com/icyzy/rabbitmq/examples/queue_declare/main.go:58.2,61.107 3 0
github.com/icyzy/rabbitmq/examples/consumer/main.go:14.13,17.15 2 0
github.com/icyzy/rabbitmq/examples/consumer/main.go:17.15,19.3 1 0
github.com/icyzy/rabbitmq/examples/consumer/main.go:22.2,24.16 3 0
github.com/icyzy/rabbitmq/examples/consumer/main.go:24.16,26.3 1 0
github.com/icyzy/rabbitmq/examples/consumer/main.go:27.2,34.50 4 0
github.com/icyzy/rabbitmq/examples/consumer/main.go:34.50,44.3 6 0
github.com/icyzy/rabbitmq/examples/consumer/main.go:46.2,47.16 2 0
github.com/icyzy/rabbitmq/examples/consumer/main.go:47.16,49.3 1 0
github.com/icyzy/rabbitmq/examples/consumer/main.go:50.2,63.62 7 0
